mode: count
github.com/posilva/simplematchmaking/internal/adapters/output/logging/logger.go:11.38,15.2 1 0
github.com/posilva/simplematchmaking/internal/adapters/output/logging/logger.go:23.74,26.2 2 0
github.com/posilva/simplematchmaking/internal/adapters/output/logging/logger.go:29.73,33.2 2 0
github.com/posilva/simplematchmaking/internal/adapters/output/logging/logger.go:36.74,39.2 2 0
github.com/posilva/simplematchmaking/internal/adapters/input/handler/http.go:17.64,21.2 1 0
github.com/posilva/simplematchmaking/internal/adapters/input/handler/http.go:24.48,28.16 2 0
github.com/posilva/simplematchmaking/internal/adapters/input/handler/http.go:28.16,32.3 2 0
github.com/posilva/simplematchmaking/internal/adapters/input/handler/http.go:34.2,34.28 1 0
github.com/posilva/simplematchmaking/internal/adapters/output/telemetry/telemetry.go:15.13,42.2 8 0
github.com/posilva/simplematchmaking/internal/adapters/output/telemetry/telemetry.go:44.43,45.16 1 0
github.com/posilva/simplematchmaking/internal/adapters/output/telemetry/telemetry.go:45.16,46.44 1 0
github.com/posilva/simplematchmaking/internal/adapters/output/telemetry/telemetry.go:52.62,54.2 1 0
github.com/posilva/simplematchmaking/internal/adapters/output/telemetry/telemetry.go:56.76,57.2 0 0
github.com/posilva/simplematchmaking/internal/adapters/output/telemetry/telemetry.go:59.101,60.2 0 0
github.com/posilva/simplematchmaking/internal/adapters/output/telemetry/telemetry.go:62.103,63.2 0 0
github.com/posilva/simplematchmaking/internal/adapters/output/telemetry/telemetry.go:65.105,66.2 0 0
github.com/posilva/simplematchmaking/internal/adapters/output/telemetry/telemetry.go:68.103,69.2 0 0
github.com/posilva/simplematchmaking/internal/core/ports/mocks/ports_mock.go:31.65,35.2 3 0
github.com/posilva/simplematchmaking/internal/core/ports/mocks/ports_mock.go:38.63,40.2 1 0
github.com/posilva/simplematchmaking/internal/core/ports/mocks/ports_mock.go:54.57,58.2 3 0
github.com/posilva/simplematchmaking/internal/core/ports/mocks/ports_mock.go:61.55,63.2 1 0
github.com/posilva/simplematchmaking/internal/core/ports/mocks/ports_mock.go:66.56,69.22 3 0
github.com/posilva/simplematchmaking/internal/core/ports/mocks/ports_mock.go:69.22,71.3 1 0
github.com/posilva/simplematchmaking/internal/core/ports/mocks/ports_mock.go:72.2,74.13 3 0
github.com/posilva/simplematchmaking/internal/core/ports/mocks/ports_mock.go:78.73,82.2 3 0
github.com/posilva/simplematchmaking/internal/core/ports/mocks/ports_mock.go:85.56,88.22 3 0
github.com/posilva/simplematchmaking/internal/core/ports/mocks/ports_mock.go:88.22,90.3 1 0
github.com/posilva/simplematchmaking/internal/core/ports/mocks/ports_mock.go:91.2,93.13 3 0
github.com/posilva/simplematchmaking/internal/core/ports/mocks/ports_mock.go:97.73,101.2 3 0
github.com/posilva/simplematchmaking/internal/core/ports/mocks/ports_mock.go:104.55,107.22 3 0
github.com/posilva/simplematchmaking/internal/core/ports/mocks/ports_mock.go:107.22,109.3 1 0
github.com/posilva/simplematchmaking/internal/core/ports/mocks/ports_mock.go:110.2,112.13 3 0
github.com/posilva/simplematchmaking/internal/core/ports/mocks/ports_mock.go:116.72,120.2 3 0
github.com/posilva/simplematchmaking/internal/core/ports/mocks/ports_mock.go:134.81,138.2 3 0
github.com/posilva/simplematchmaking/internal/core/ports/mocks/ports_mock.go:141.79,143.2 1 0
github.com/posilva/simplematchmaking/internal/core/ports/mocks/ports_mock.go:146.70,151.2 4 0
github.com/posilva/simplematchmaking/internal/core/ports/mocks/ports_mock.go:154.80,157.2 2 0
github.com/posilva/simplematchmaking/internal/core/ports/mocks/ports_mock.go:171.71,175.2 3 0
github.com/posilva/simplematchmaking/internal/core/ports/mocks/ports_mock.go:178.65,180.2 1 0
github.com/posilva/simplematchmaking/internal/core/ports/mocks/ports_mock.go:183.48,189.2 5 0
github.com/posilva/simplematchmaking/internal/core/ports/mocks/ports_mock.go:192.63,195.2 2 0
github.com/posilva/simplematchmaking/internal/core/ports/mocks/ports_mock.go:209.79,213.2 3 0
github.com/posilva/simplematchmaking/internal/core/ports/mocks/ports_mock.go:216.77,218.2 1 0
github.com/posilva/simplematchmaking/internal/core/ports/mocks/ports_mock.go:221.99,224.2 2 0
github.com/posilva/simplematchmaking/internal/core/ports/mocks/ports_mock.go:227.96,230.2 2 0
github.com/posilva/simplematchmaking/internal/core/ports/mocks/ports_mock.go:233.97,236.2 2 0
github.com/posilva/simplematchmaking/internal/core/ports/mocks/ports_mock.go:239.94,242.2 2 0
github.com/posilva/simplematchmaking/internal/core/ports/mocks/ports_mock.go:245.101,248.2 2 0
github.com/posilva/simplematchmaking/internal/core/ports/mocks/ports_mock.go:251.98,254.2 2 0
github.com/posilva/simplematchmaking/internal/core/ports/mocks/ports_mock.go:257.99,260.2 2 0
github.com/posilva/simplematchmaking/internal/core/ports/mocks/ports_mock.go:263.96,266.2 2 0
github.com/posilva/simplematchmaking/internal/core/ports/mocks/ports_mock.go:269.72,272.2 2 0
github.com/posilva/simplematchmaking/internal/core/ports/mocks/ports_mock.go:275.84,278.2 2 0
github.com/posilva/simplematchmaking/internal/testutil/testutil.go:12.32,14.2 1 0
github.com/posilva/simplematchmaking/internal/testutil/testutil.go:17.21,19.2 1 0
github.com/posilva/simplematchmaking/internal/testutil/testutil.go:22.38,24.2 1 0
github.com/posilva/simplematchmaking/internal/core/services/matchmaking.go:12.50,14.2 1 1
github.com/posilva/simplematchmaking/internal/core/services/matchmaking.go:17.80,22.2 2 1
